2017-03-08 09:24:30 ERROR  : ERROR:  column "proargdefvals" does not exist
LINE 1: ...e, typns.nspname AS typnsp, lanname, proargnames, proargdefv...
                                                             ^
2017-03-08 09:24:31 ERROR  : ERROR:  column "proargdefvals" does not exist
LINE 1: ...e, typns.nspname AS typnsp, lanname, proargnames, proargdefv...
                                                             ^
2017-03-08 09:24:51 ERROR  : ERROR:  column "proargdefvals" does not exist
LINE 1: ...e, typns.nspname AS typnsp, lanname, proargnames, proargdefv...
                                                             ^
2017-03-08 09:24:53 ERROR  : ERROR:  column "proargdefvals" does not exist
LINE 1: ...e, typns.nspname AS typnsp, lanname, proargnames, proargdefv...
                                                             ^
2017-03-10 16:00:38 ERROR  : ERROR:  relation "customer" does not exist
LINE 1: select * from customer limit 1;
                      ^
2017-03-10 16:00:59 ERROR  : ERROR:  unrecognized configuration parameter "databases"
2017-03-10 16:01:10 ERROR  : ERROR:  relation "customer" does not exist
LINE 1: select * from customer limit 1;
                      ^
2017-03-10 16:16:35 ERROR  : ERROR:  unterminated quoted string at or near "')"
LINE 1: ')
        ^
2017-04-17 13:28:10 ERROR  : ERROR:  column "proargdefvals" does not exist
LINE 1: ...e, typns.nspname AS typnsp, lanname, proargnames, proargdefv...
                                                             ^
2017-04-17 13:28:11 ERROR  : ERROR:  column "proargdefvals" does not exist
LINE 1: ...e, typns.nspname AS typnsp, lanname, proargnames, proargdefv...
                                                             ^
